<?xml version="1.0" encoding="UTF-8"?>
<!-- Generated by org.testng.reporters.JUnitReportReporter -->
<testsuite hostname="ASHISH-2002-JOSEPH" failures="0" tests="1" name="testNgPGM.Activityalert" time="1.911" errors="0" timestamp="2024-11-12T14:36:48 IST" skipped="0">
  <testcase classname="testNgPGM.Activityalert" name="handling" time="1.911"/>
  <system-out/>
</testsuite> <!-- testNgPGM.Activityalert -->
