<?xml version="1.0" encoding="UTF-8"?>
<!-- Generated by org.testng.reporters.JUnitReportReporter -->
<testsuite hostname="ASHISH-2002-JOSEPH" failures="0" tests="1" name="testNgPGM.SoftAssertionPGm" time="2.159" errors="0" timestamp="2024-11-18T12:12:33 IST" skipped="0">
  <testcase classname="testNgPGM.SoftAssertionPGm" name="TilteVerification" time="2.159"/>
  <system-out/>
</testsuite> <!-- testNgPGM.SoftAssertionPGm -->
