<?xml version="1.0" encoding="UTF-8"?>
<!-- Generated by org.testng.reporters.JUnitReportReporter -->
<testsuite hostname="ASHISH-2002-JOSEPH" failures="0" tests="1" name="testNgPGM.Tutorial" time="2.504" errors="0" timestamp="2024-11-12T12:40:05 IST" skipped="0">
  <testcase classname="testNgPGM.Tutorial" name="search" time="2.504"/>
  <system-out/>
</testsuite> <!-- testNgPGM.Tutorial -->
