<?xml version="1.0" encoding="UTF-8"?>
<!-- Generated by org.testng.reporters.JUnitReportReporter -->
<testsuite hostname="ASHISH-2002-JOSEPH" failures="0" tests="1" name="testNgPGM.Parameterisation" time="0.041" errors="0" timestamp="2024-11-12T12:38:05 IST" skipped="0">
  <testcase classname="testNgPGM.Parameterisation" name="paraMtr" time="0.041"/>
  <system-out/>
</testsuite> <!-- testNgPGM.Parameterisation -->
