<?xml version="1.0" encoding="UTF-8"?>
<!-- Generated by org.testng.reporters.JUnitReportReporter -->
<testsuite hostname="ASHISH-2002-JOSEPH" failures="0" tests="1" name="testNgPGM.TutorialAssertionsPGM" time="3.478" errors="0" timestamp="2024-11-18T12:47:19 IST" skipped="0">
  <testcase classname="testNgPGM.TutorialAssertionsPGM" name="AssertionTest" time="3.478"/>
  <system-out/>
</testsuite> <!-- testNgPGM.TutorialAssertionsPGM -->
