<?xml version="1.0" encoding="UTF-8"?>
<!-- Generated by org.testng.reporters.JUnitReportReporter -->
<testsuite hostname="ASHISH-2002-JOSEPH" failures="0" tests="1" name="testNgPGM.MouseHoverPgm" time="7.451" errors="0" timestamp="2024-11-14T12:33:07 IST" skipped="0">
  <testcase classname="testNgPGM.MouseHoverPgm" name="mouseHovering" time="7.451"/>
  <system-out/>
</testsuite> <!-- testNgPGM.MouseHoverPgm -->
