<?xml version="1.0" encoding="UTF-8"?>
<!-- Generated by org.testng.reporters.JUnitReportReporter -->
<testsuite hostname="ASHISH-2002-JOSEPH" failures="0" tests="1" name="testNgPGM.DragndDrop" time="3.123" errors="0" timestamp="2024-11-13T11:53:57 IST" skipped="0">
  <testcase classname="testNgPGM.DragndDrop" name="dragdrp" time="3.123"/>
  <system-out/>
</testsuite> <!-- testNgPGM.DragndDrop -->
