<?xml version="1.0" encoding="UTF-8"?>
<!-- Generated by org.testng.reporters.JUnitReportReporter -->
<testsuite hostname="ASHISH-2002-JOSEPH" failures="0" tests="3" name="testNgPGM.CrossBrowserTesting" time="58.029" errors="0" timestamp="2024-11-13T13:05:35 IST" skipped="0">
  <testcase classname="testNgPGM.CrossBrowserTesting" name="dragdrp" time="21.257"/>
  <system-out/>
  <testcase classname="testNgPGM.CrossBrowserTesting" name="dragdrp" time="18.642"/>
  <system-out/>
  <testcase classname="testNgPGM.CrossBrowserTesting" name="dragdrp" time="18.130"/>
  <system-out/>
</testsuite> <!-- testNgPGM.CrossBrowserTesting -->
