<?xml version="1.0" encoding="UTF-8"?>
<!-- Generated by org.testng.reporters.JUnitReportReporter -->
<testsuite hostname="ASHISH-2002-JOSEPH" failures="0" tests="1" name="testNgPGM.DatePickerPgm" time="4.102" errors="0" timestamp="2024-11-14T13:47:06 IST" skipped="0">
  <testcase classname="testNgPGM.DatePickerPgm" name="datepicktest" time="4.102"/>
  <system-out/>
</testsuite> <!-- testNgPGM.DatePickerPgm -->
