<?xml version="1.0" encoding="UTF-8"?>
<!-- Generated by org.testng.reporters.JUnitReportReporter -->
<testsuite hostname="ASHISH-2002-JOSEPH" failures="0" tests="1" name="testNgPGM.FileUploadPgm" time="9.004" errors="0" timestamp="2024-11-16T12:41:12 IST" skipped="0">
  <testcase classname="testNgPGM.FileUploadPgm" name="fileuploadtest" time="9.004"/>
  <system-out/>
</testsuite> <!-- testNgPGM.FileUploadPgm -->
