<?xml version="1.0" encoding="UTF-8"?>
<!-- Generated by org.testng.reporters.JUnitReportReporter -->
<testsuite hostname="ASHISH-2002-JOSEPH" failures="0" tests="1" name="testNgPGM.TrivagoDatapickerPGm" time="3.156" errors="0" timestamp="2024-11-17T09:08:28 IST" skipped="0">
  <testcase classname="testNgPGM.TrivagoDatapickerPGm" name="datepicktest" time="3.156"/>
  <system-out/>
</testsuite> <!-- testNgPGM.TrivagoDatapickerPGm -->
