<?xml version="1.0" encoding="UTF-8"?>
<!-- Generated by org.testng.reporters.JUnitReportReporter -->
<testsuite hostname="ASHISH-2002-JOSEPH" failures="0" tests="2" name="testNgPGM.ExtendreportPgm" time="2.349" errors="0" timestamp="2024-11-19T22:24:43 IST" skipped="0">
  <testcase classname="testNgPGM.ExtendreportPgm" name="TilteVerification" time="0.602"/>
  <system-out/>
  <testcase classname="testNgPGM.ExtendreportPgm" name="logoveri" time="1.747"/>
  <system-out/>
</testsuite> <!-- testNgPGM.ExtendreportPgm -->
