<?xml version="1.0" encoding="UTF-8"?>
<!-- Generated by org.testng.reporters.JUnitReportReporter -->
<testsuite hostname="ASHISH-2002-JOSEPH" failures="0" tests="1" name="testNgPGM.Copypaste" time="3.113" errors="0" timestamp="2024-11-12T13:06:21 IST" skipped="0">
  <testcase classname="testNgPGM.Copypaste" name="keyHandling" time="3.113"/>
  <system-out/>
</testsuite> <!-- testNgPGM.Copypaste -->
