<?xml version="1.0" encoding="UTF-8"?>
<!-- Generated by org.testng.reporters.JUnitReportReporter -->
<testsuite hostname="ASHISH-2002-JOSEPH" failures="0" tests="1" name="testNgPGM.WindowHandlesPgm" time="3.162" errors="0" timestamp="2024-11-28T09:32:33 IST" skipped="0">
  <testcase classname="testNgPGM.WindowHandlesPgm" name="windowHandling" time="3.162"/>
  <system-out/>
</testsuite> <!-- testNgPGM.WindowHandlesPgm -->
