<?xml version="1.0" encoding="UTF-8"?>
<!-- Generated by org.testng.reporters.JUnitReportReporter -->
<testsuite hostname="ASHISH-2002-JOSEPH" failures="0" tests="1" name="testNgPGM.AutoitPgm" time="8.563" errors="0" timestamp="2024-11-16T13:44:23 IST" skipped="0">
  <testcase classname="testNgPGM.AutoitPgm" name="URL" time="8.563"/>
  <system-out/>
</testsuite> <!-- testNgPGM.AutoitPgm -->
