<?xml version="1.0" encoding="UTF-8"?>
<!-- Generated by org.testng.reporters.JUnitReportReporter -->
<testsuite hostname="ASHISH-2002-JOSEPH" failures="0" tests="2" name="testNgPGM.TestNGdemo" time="0.041" errors="0" timestamp="2024-11-12T11:55:56 IST" skipped="0">
  <testcase classname="testNgPGM.TestNGdemo" name="test3" time="0.005"/>
  <system-out/>
  <testcase classname="testNgPGM.TestNGdemo" name="test2" time="0.036"/>
  <system-out/>
</testsuite> <!-- testNgPGM.TestNGdemo -->
